[33mâ¯[39m Building...

  polyfills.js       87.7kb
  polyfills.js.map  188.5kb

Done in 76ms
X [ERROR] NG5002: Parser Error: Bindings cannot contain assignments at column 26 in [ (cases || []).filter(c => c.status === 'open').length ] in C:/Users/devan_ktf7aau/Old Files(Computer)/B.Tech-AI-3rd yr/Projects/CaseFlow/Frontend/src/app/features/dashboard/dashboard.ts@39:28 [plugin angular-compiler]

    src/app/features/dashboard/dashboard.ts:40:28:
      40 â”‚ ...d-content>{{ (cases || []).filter(c => c.status === 'open').len...
         â•µ              ~~~~~~~~~~~~~~~~~~~~~~~~~~~~~~~~~~~~~~~~~~~~~~~~~~~~~

X [ERROR] TS2769: No overload matches this call.
  Overload 1 of 2, '(predicate: (value: Case, index: number, array: Case[]) => value is Case, thisArg?: any): Case[]', gave the following error.
    Argument of type 'undefined' is not assignable to parameter of type '(value: Case, index: number, array: Case[]) => value is Case'.
  Overload 2 of 2, '(predicate: (value: Case, index: number, array: Case[]) => unknown, thisArg?: any): Case[]', gave the following error.
    Argument of type 'undefined' is not assignable to parameter of type '(value: Case, index: number, array: Case[]) => unknown'. [plugin angular-compiler]

    src/app/features/dashboard/dashboard.ts:40:52:
      40 â”‚ ...cases || []).filter(c => c.status === 'open').length }}</mat-ca...
         â•µ                        ~~~~~~~~~~~~~~~~~~~~~~~~

X [ERROR] NG5002: Parser Error: Bindings cannot contain assignments at column 26 in [ (cases || []).filter(c => c.status === 'assigned').length ] in C:/Users/devan_ktf7aau/Old Files(Computer)/B.Tech-AI-3rd yr/Projects/CaseFlow/Frontend/src/app/features/dashboard/dashboard.ts@45:28 [plugin angular-compiler]

    src/app/features/dashboard/dashboard.ts:46:28:
      46 â”‚ ...d-content>{{ (cases || []).filter(c => c.status === 'assigned')...
         â•µ              ~~~~~~~~~~~~~~~~~~~~~~~~~~~~~~~~~~~~~~~~~~~~~~~~~~~~~

X [ERROR] TS2769: No overload matches this call.
  Overload 1 of 2, '(predicate: (value: Case, index: number, array: Case[]) => value is Case, thisArg?: any): Case[]', gave the following error.
    Argument of type 'undefined' is not assignable to parameter of type '(value: Case, index: number, array: Case[]) => value is Case'.
  Overload 2 of 2, '(predicate: (value: Case, index: number, array: Case[]) => unknown, thisArg?: any): Case[]', gave the following error.
    Argument of type 'undefined' is not assignable to parameter of type '(value: Case, index: number, array: Case[]) => unknown'. [plugin angular-compiler]

    src/app/features/dashboard/dashboard.ts:46:52:
      46 â”‚ ...ses || []).filter(c => c.status === 'assigned').length }}</mat-...
         â•µ                      ~~~~~~~~~~~~~~~~~~~~~~~~~~~~

4 errors
[32mâœ”[39m Building...
Application bundle generation failed. [5.438 seconds] - 2025-10-14T06:10:20.538Z

[1m[31m[31mX [41;31m[[41;97mERROR[41;31m][0m [1mNG5002: Parser Error: Bindings cannot contain assignments at column 26 in [ (cases || []).filter(c => c.status === 'open').length ] in C:/Users/devan_ktf7aau/Old Files(Computer)/B.Tech-AI-3rd yr/Projects/CaseFlow/Frontend/src/app/features/dashboard/dashboard.ts@39:28[0m [1m[35m[plugin angular-compiler][0m

    src/app/features/dashboard/dashboard.ts:40:28:
[37m      40 â”‚ ...d-content>[32m{{ (cases || []).filter(c => c.status === 'open').len[37m...
         â•µ              [32m~~~~~~~~~~~~~~~~~~~~~~~~~~~~~~~~~~~~~~~~~~~~~~~~~~~~~[0m


[31mX [41;31m[[41;97mERROR[41;31m][0m [1mTS2769: No overload matches this call.
  Overload 1 of 2, '(predicate: (value: Case, index: number, array: Case[]) => value is Case, thisArg?: any): Case[]', gave the following error.
    Argument of type 'undefined' is not assignable to parameter of type '(value: Case, index: number, array: Case[]) => value is Case'.
  Overload 2 of 2, '(predicate: (value: Case, index: number, array: Case[]) => unknown, thisArg?: any): Case[]', gave the following error.
    Argument of type 'undefined' is not assignable to parameter of type '(value: Case, index: number, array: Case[]) => unknown'.[0m [1m[35m[plugin angular-compiler][0m

    src/app/features/dashboard/dashboard.ts:40:52:
[37m      40 â”‚ ...cases || []).filter([32mc => c.status === 'open'[37m).length }}</mat-ca...
         â•µ                        [32m~~~~~~~~~~~~~~~~~~~~~~~~[0m


[31mX [41;31m[[41;97mERROR[41;31m][0m [1mNG5002: Parser Error: Bindings cannot contain assignments at column 26 in [ (cases || []).filter(c => c.status === 'assigned').length ] in C:/Users/devan_ktf7aau/Old Files(Computer)/B.Tech-AI-3rd yr/Projects/CaseFlow/Frontend/src/app/features/dashboard/dashboard.ts@45:28[0m [1m[35m[plugin angular-compiler][0m

    src/app/features/dashboard/dashboard.ts:46:28:
[37m      46 â”‚ ...d-content>[32m{{ (cases || []).filter(c => c.status === 'assigned')[37m...
         â•µ              [32m~~~~~~~~~~~~~~~~~~~~~~~~~~~~~~~~~~~~~~~~~~~~~~~~~~~~~[0m


[31mX [41;31m[[41;97mERROR[41;31m][0m [1mTS2769: No overload matches this call.
  Overload 1 of 2, '(predicate: (value: Case, index: number, array: Case[]) => value is Case, thisArg?: any): Case[]', gave the following error.
    Argument of type 'undefined' is not assignable to parameter of type '(value: Case, index: number, array: Case[]) => value is Case'.
  Overload 2 of 2, '(predicate: (value: Case, index: number, array: Case[]) => unknown, thisArg?: any): Case[]', gave the following error.
    Argument of type 'undefined' is not assignable to parameter of type '(value: Case, index: number, array: Case[]) => unknown'.[0m [1m[35m[plugin angular-compiler][0m

    src/app/features/dashboard/dashboard.ts:46:52:
[37m      46 â”‚ ...ses || []).filter([32mc => c.status === 'assigned'[37m).length }}</mat-...
         â•µ                      [32m~~~~~~~~~~~~~~~~~~~~~~~~~~~~[0m

[39m[22m
